<?xml version="1.0" encoding="UTF-8"?>
<testsuite name="CatTest" tests="1" skipped="0" failures="0" errors="0" timestamp="2021-01-28T08:22:47" hostname="YEET" time="0.025">
  <properties/>
  <testcase name="testCatConstructor()" classname="CatTest" time="0.025"/>
  <system-out><![CDATA[]]></system-out>
  <system-err><![CDATA[]]></system-err>
</testsuite>
