<?xml version="1.0" encoding="UTF-8"?>
<testsuite name="StoreTest" tests="1" skipped="0" failures="0" errors="0" timestamp="2021-02-11T08:56:34" hostname="YEET" time="0.061">
  <properties/>
  <testcase name="addSellable()" classname="StoreTest" time="0.061"/>
  <system-out><![CDATA[]]></system-out>
  <system-err><![CDATA[]]></system-err>
</testsuite>
