<?xml version="1.0" encoding="UTF-8"?>
<testsuite name="SLListTest" tests="1" skipped="0" failures="0" errors="0" timestamp="2021-01-28T09:28:22" hostname="YEET" time="0.119">
  <properties/>
  <testcase name="testToString()" classname="SLListTest" time="0.119"/>
  <system-out><![CDATA[]]></system-out>
  <system-err><![CDATA[]]></system-err>
</testsuite>
